# JRE version: OpenJDK Runtime Environment (17.0.10) (build 17.0.10+0--11572160)
# Java VM: OpenJDK 64-Bit Server VM (17.0.10+0--11572160, mixed mode, tiered, compressed oops, compressed class ptrs, g1 gc, windows-amd64)
GC Precious Log:
 CPUs: 16 total, 16 available
 Memory: 15553M
 Large Page Support: Disabled
 NUMA Support: Disabled
 Compressed Oops: Enabled (32-bit)
 Heap Region Size: 1M
 Heap Min Capacity: 8M
 Heap Initial Capacity: 244M
 Heap Max Capacity: 2G
 Pre-touch: Disabled
 Parallel Workers: 13
 Concurrent Workers: 3
 Concurrent Refinement Workers: 13
 Periodic GC: Disabled
Heap:
 garbage-first heap   total 249856K, used 190517K [0x0000000080000000, 0x0000000100000000)
  region size 1024K, 82 young (83968K), 15 survivors (15360K)
 Metaspace       used 100658K, committed 101504K, reserved 1179648K
  class space    used 13604K, committed 14016K, reserved 1048576K
GC Heap History (20 events):
Event: 2.763 GC heap before
{Heap before GC invocations=18 (full 0):
 garbage-first heap   total 143360K, used 115702K [0x0000000080000000, 0x0000000100000000)
  region size 1024K, 50 young (51200K), 4 survivors (4096K)
 Metaspace       used 60923K, committed 61568K, reserved 1114112K
  class space    used 8303K, committed 8576K, reserved 1048576K
}
Event: 2.765 GC heap after
{Heap after GC invocations=19 (full 0):
 garbage-first heap   total 143360K, used 74313K [0x0000000080000000, 0x0000000100000000)
  region size 1024K, 7 young (7168K), 7 survivors (7168K)
 Metaspace       used 60923K, committed 61568K, reserved 1114112K
  class space    used 8303K, committed 8576K, reserved 1048576K
}
Event: 2.896 GC heap before
{Heap before GC invocations=19 (full 0):
 garbage-first heap   total 143360K, used 118345K [0x0000000080000000, 0x0000000100000000)
  region size 1024K, 47 young (48128K), 7 survivors (7168K)
 Metaspace       used 63595K, committed 64256K, reserved 1114112K
  class space    used 8675K, committed 8960K, reserved 1048576K
}
Event: 2.898 GC heap after
{Heap after GC invocations=20 (full 0):
 garbage-first heap   total 143360K, used 82315K [0x0000000080000000, 0x0000000100000000)
  region size 1024K, 6 young (6144K), 6 survivors (6144K)
 Metaspace       used 63595K, committed 64256K, reserved 1114112K
  class space    used 8675K, committed 8960K, reserved 1048576K
}
Event: 3.016 GC heap before
{Heap before GC invocations=20 (full 0):
 garbage-first heap   total 143360K, used 116107K [0x0000000080000000, 0x0000000100000000)
  region size 1024K, 40 young (40960K), 6 survivors (6144K)
 Metaspace       used 67289K, committed 67968K, reserved 1114112K
  class space    used 9085K, committed 9408K, reserved 1048576K
}
Event: 3.017 GC heap after
{Heap after GC invocations=21 (full 0):
 garbage-first heap   total 143360K, used 82699K [0x0000000080000000, 0x0000000100000000)
  region size 1024K, 1 young (1024K), 1 survivors (1024K)
 Metaspace       used 67289K, committed 67968K, reserved 1114112K
  class space    used 9085K, committed 9408K, reserved 1048576K
}
Event: 3.188 GC heap before
{Heap before GC invocations=21 (full 0):
 garbage-first heap   total 143360K, used 119563K [0x0000000080000000, 0x0000000100000000)
  region size 1024K, 37 young (37888K), 1 survivors (1024K)
 Metaspace       used 71061K, committed 71744K, reserved 1114112K
  class space    used 9569K, committed 9856K, reserved 1048576K
}
Event: 3.189 GC heap after
{Heap after GC invocations=22 (full 0):
 garbage-first heap   total 143360K, used 84023K [0x0000000080000000, 0x0000000100000000)
  region size 1024K, 3 young (3072K), 3 survivors (3072K)
 Metaspace       used 71061K, committed 71744K, reserved 1114112K
  class space    used 9569K, committed 9856K, reserved 1048576K
}
Event: 3.267 GC heap before
{Heap before GC invocations=22 (full 0):
 garbage-first heap   total 143360K, used 109623K [0x0000000080000000, 0x0000000100000000)
  region size 1024K, 24 young (24576K), 3 survivors (3072K)
 Metaspace       used 72601K, committed 73216K, reserved 1114112K
  class space    used 9764K, committed 10048K, reserved 1048576K
}
Event: 3.269 GC heap after
{Heap after GC invocations=23 (full 0):
 garbage-first heap   total 143360K, used 88465K [0x0000000080000000, 0x0000000100000000)
  region size 1024K, 5 young (5120K), 5 survivors (5120K)
 Metaspace       used 72601K, committed 73216K, reserved 1114112K
  class space    used 9764K, committed 10048K, reserved 1048576K
}
Event: 3.404 GC heap before
{Heap before GC invocations=24 (full 0):
 garbage-first heap   total 155648K, used 119185K [0x0000000080000000, 0x0000000100000000)
  region size 1024K, 35 young (35840K), 5 survivors (5120K)
 Metaspace       used 74779K, committed 75456K, reserved 1114112K
  class space    used 10062K, committed 10368K, reserved 1048576K
}
Event: 3.406 GC heap after
{Heap after GC invocations=25 (full 0):
 garbage-first heap   total 155648K, used 90342K [0x0000000080000000, 0x0000000100000000)
  region size 1024K, 2 young (2048K), 2 survivors (2048K)
 Metaspace       used 74779K, committed 75456K, reserved 1114112K
  class space    used 10062K, committed 10368K, reserved 1048576K
}
Event: 3.528 GC heap before
{Heap before GC invocations=25 (full 0):
 garbage-first heap   total 155648K, used 128230K [0x0000000080000000, 0x0000000100000000)
  region size 1024K, 39 young (39936K), 2 survivors (2048K)
 Metaspace       used 76523K, committed 77248K, reserved 1179648K
  class space    used 10302K, committed 10624K, reserved 1048576K
}
Event: 3.530 GC heap after
{Heap after GC invocations=26 (full 0):
 garbage-first heap   total 155648K, used 92267K [0x0000000080000000, 0x0000000100000000)
  region size 1024K, 4 young (4096K), 4 survivors (4096K)
 Metaspace       used 76523K, committed 77248K, reserved 1179648K
  class space    used 10302K, committed 10624K, reserved 1048576K
}
Event: 3.669 GC heap before
{Heap before GC invocations=26 (full 0):
 garbage-first heap   total 155648K, used 129131K [0x0000000080000000, 0x0000000100000000)
  region size 1024K, 40 young (40960K), 4 survivors (4096K)
 Metaspace       used 77370K, committed 78016K, reserved 1179648K
  class space    used 10409K, committed 10688K, reserved 1048576K
}
Event: 3.672 GC heap after
{Heap after GC invocations=27 (full 0):
 garbage-first heap   total 249856K, used 95090K [0x0000000080000000, 0x0000000100000000)
  region size 1024K, 5 young (5120K), 5 survivors (5120K)
 Metaspace       used 77370K, committed 78016K, reserved 1179648K
  class space    used 10409K, committed 10688K, reserved 1048576K
}
Event: 4.113 GC heap before
{Heap before GC invocations=27 (full 0):
 garbage-first heap   total 249856K, used 198514K [0x0000000080000000, 0x0000000100000000)
  region size 1024K, 106 young (108544K), 5 survivors (5120K)
 Metaspace       used 84646K, committed 85312K, reserved 1179648K
  class space    used 11572K, committed 11840K, reserved 1048576K
}
Event: 4.115 GC heap after
{Heap after GC invocations=28 (full 0):
 garbage-first heap   total 249856K, used 98852K [0x0000000080000000, 0x0000000100000000)
  region size 1024K, 9 young (9216K), 9 survivors (9216K)
 Metaspace       used 84646K, committed 85312K, reserved 1179648K
  class space    used 11572K, committed 11840K, reserved 1048576K
}
Event: 4.574 GC heap before
{Heap before GC invocations=28 (full 0):
 garbage-first heap   total 249856K, used 220708K [0x0000000080000000, 0x0000000100000000)
  region size 1024K, 113 young (115712K), 9 survivors (9216K)
 Metaspace       used 93012K, committed 93824K, reserved 1179648K
  class space    used 12594K, committed 12992K, reserved 1048576K
}
Event: 4.579 GC heap after
{Heap after GC invocations=29 (full 0):
 garbage-first heap   total 249856K, used 121909K [0x0000000080000000, 0x0000000100000000)
  region size 1024K, 15 young (15360K), 15 survivors (15360K)
 Metaspace       used 93012K, committed 93824K, reserved 1179648K
  class space    used 12594K, committed 12992K, reserved 1048576K
}

