# JRE version: OpenJDK Runtime Environment (17.0.10) (build 17.0.10+0--11572160)
# Java VM: OpenJDK 64-Bit Server VM (17.0.10+0--11572160, mixed mode, tiered, compressed oops, compressed class ptrs, g1 gc, windows-amd64)
GC Precious Log:
 CPUs: 16 total, 16 available
 Memory: 15553M
 Large Page Support: Disabled
 NUMA Support: Disabled
 Compressed Oops: Enabled (32-bit)
 Heap Region Size: 1M
 Heap Min Capacity: 8M
 Heap Initial Capacity: 244M
 Heap Max Capacity: 2G
 Pre-touch: Disabled
 Parallel Workers: 13
 Concurrent Workers: 3
 Concurrent Refinement Workers: 13
 Periodic GC: Disabled
Heap:
 garbage-first heap   total 249856K, used 147600K [0x0000000080000000, 0x0000000100000000)
  region size 1024K, 25 young (25600K), 8 survivors (8192K)
 Metaspace       used 115246K, committed 116160K, reserved 1179648K
  class space    used 15341K, committed 15744K, reserved 1048576K
GC Heap History (20 events):
Event: 4.172 GC heap before
{Heap before GC invocations=34 (full 0):
 garbage-first heap   total 179200K, used 141962K [0x0000000080000000, 0x0000000100000000)
  region size 1024K, 48 young (49152K), 4 survivors (4096K)
 Metaspace       used 87257K, committed 88000K, reserved 1179648K
  class space    used 11647K, committed 11968K, reserved 1048576K
}
Event: 4.174 GC heap after
{Heap after GC invocations=35 (full 0):
 garbage-first heap   total 179200K, used 99364K [0x0000000080000000, 0x0000000100000000)
  region size 1024K, 3 young (3072K), 3 survivors (3072K)
 Metaspace       used 87257K, committed 88000K, reserved 1179648K
  class space    used 11647K, committed 11968K, reserved 1048576K
}
Event: 4.205 GC heap before
{Heap before GC invocations=35 (full 0):
 garbage-first heap   total 179200K, used 106532K [0x0000000080000000, 0x0000000100000000)
  region size 1024K, 11 young (11264K), 3 survivors (3072K)
 Metaspace       used 87789K, committed 88576K, reserved 1179648K
  class space    used 11716K, committed 12032K, reserved 1048576K
}
Event: 4.206 GC heap after
{Heap after GC invocations=36 (full 0):
 garbage-first heap   total 179200K, used 99795K [0x0000000080000000, 0x0000000100000000)
  region size 1024K, 3 young (3072K), 3 survivors (3072K)
 Metaspace       used 87789K, committed 88576K, reserved 1179648K
  class space    used 11716K, committed 12032K, reserved 1048576K
}
Event: 4.398 GC heap before
{Heap before GC invocations=37 (full 0):
 garbage-first heap   total 179200K, used 147923K [0x0000000080000000, 0x0000000100000000)
  region size 1024K, 49 young (50176K), 3 survivors (3072K)
 Metaspace       used 91036K, committed 91776K, reserved 1179648K
  class space    used 12344K, committed 12672K, reserved 1048576K
}
Event: 4.399 GC heap after
{Heap after GC invocations=38 (full 0):
 garbage-first heap   total 179200K, used 101007K [0x0000000080000000, 0x0000000100000000)
  region size 1024K, 5 young (5120K), 5 survivors (5120K)
 Metaspace       used 91036K, committed 91776K, reserved 1179648K
  class space    used 12344K, committed 12672K, reserved 1048576K
}
Event: 4.604 GC heap before
{Heap before GC invocations=38 (full 0):
 garbage-first heap   total 179200K, used 148111K [0x0000000080000000, 0x0000000100000000)
  region size 1024K, 51 young (52224K), 5 survivors (5120K)
 Metaspace       used 94535K, committed 95296K, reserved 1179648K
  class space    used 12795K, committed 13120K, reserved 1048576K
}
Event: 4.607 GC heap after
{Heap after GC invocations=39 (full 0):
 garbage-first heap   total 179200K, used 103219K [0x0000000080000000, 0x0000000100000000)
  region size 1024K, 5 young (5120K), 5 survivors (5120K)
 Metaspace       used 94535K, committed 95296K, reserved 1179648K
  class space    used 12795K, committed 13120K, reserved 1048576K
}
Event: 4.690 GC heap before
{Heap before GC invocations=40 (full 0):
 garbage-first heap   total 183296K, used 125747K [0x0000000080000000, 0x0000000100000000)
  region size 1024K, 29 young (29696K), 5 survivors (5120K)
 Metaspace       used 96144K, committed 96960K, reserved 1179648K
  class space    used 12956K, committed 13312K, reserved 1048576K
}
Event: 4.693 GC heap after
{Heap after GC invocations=41 (full 0):
 garbage-first heap   total 183296K, used 106749K [0x0000000080000000, 0x0000000100000000)
  region size 1024K, 7 young (7168K), 7 survivors (7168K)
 Metaspace       used 96144K, committed 96960K, reserved 1179648K
  class space    used 12956K, committed 13312K, reserved 1048576K
}
Event: 4.770 GC heap before
{Heap before GC invocations=42 (full 0):
 garbage-first heap   total 191488K, used 122109K [0x0000000080000000, 0x0000000100000000)
  region size 1024K, 18 young (18432K), 7 survivors (7168K)
 Metaspace       used 97969K, committed 98752K, reserved 1179648K
  class space    used 13095K, committed 13440K, reserved 1048576K
}
Event: 4.772 GC heap after
{Heap after GC invocations=43 (full 0):
 garbage-first heap   total 191488K, used 107323K [0x0000000080000000, 0x0000000100000000)
  region size 1024K, 2 young (2048K), 2 survivors (2048K)
 Metaspace       used 97969K, committed 98752K, reserved 1179648K
  class space    used 13095K, committed 13440K, reserved 1048576K
}
Event: 4.993 GC heap before
{Heap before GC invocations=44 (full 0):
 garbage-first heap   total 208896K, used 168763K [0x0000000080000000, 0x0000000100000000)
  region size 1024K, 52 young (53248K), 2 survivors (2048K)
 Metaspace       used 102245K, committed 103104K, reserved 1179648K
  class space    used 13746K, committed 14144K, reserved 1048576K
}
Event: 4.996 GC heap after
{Heap after GC invocations=45 (full 0):
 garbage-first heap   total 208896K, used 124547K [0x0000000080000000, 0x0000000100000000)
  region size 1024K, 7 young (7168K), 7 survivors (7168K)
 Metaspace       used 102245K, committed 103104K, reserved 1179648K
  class space    used 13746K, committed 14144K, reserved 1048576K
}
Event: 5.146 GC heap before
{Heap before GC invocations=45 (full 0):
 garbage-first heap   total 208896K, used 156291K [0x0000000080000000, 0x0000000100000000)
  region size 1024K, 40 young (40960K), 7 survivors (7168K)
 Metaspace       used 104905K, committed 105728K, reserved 1179648K
  class space    used 14083K, committed 14464K, reserved 1048576K
}
Event: 5.149 GC heap after
{Heap after GC invocations=46 (full 0):
 garbage-first heap   total 208896K, used 127312K [0x0000000080000000, 0x0000000100000000)
  region size 1024K, 3 young (3072K), 3 survivors (3072K)
 Metaspace       used 104905K, committed 105728K, reserved 1179648K
  class space    used 14083K, committed 14464K, reserved 1048576K
}
Event: 5.396 GC heap before
{Heap before GC invocations=47 (full 0):
 garbage-first heap   total 222208K, used 177488K [0x0000000080000000, 0x0000000100000000)
  region size 1024K, 50 young (51200K), 3 survivors (3072K)
 Metaspace       used 110933K, committed 111808K, reserved 1179648K
  class space    used 14845K, committed 15232K, reserved 1048576K
}
Event: 5.397 GC heap after
{Heap after GC invocations=48 (full 0):
 garbage-first heap   total 222208K, used 128492K [0x0000000080000000, 0x0000000100000000)
  region size 1024K, 4 young (4096K), 4 survivors (4096K)
 Metaspace       used 110933K, committed 111808K, reserved 1179648K
  class space    used 14845K, committed 15232K, reserved 1048576K
}
Event: 5.675 GC heap before
{Heap before GC invocations=48 (full 0):
 garbage-first heap   total 222208K, used 183788K [0x0000000080000000, 0x0000000100000000)
  region size 1024K, 58 young (59392K), 4 survivors (4096K)
 Metaspace       used 115197K, committed 116032K, reserved 1179648K
  class space    used 15341K, committed 15744K, reserved 1048576K
}
Event: 5.678 GC heap after
{Heap after GC invocations=49 (full 0):
 garbage-first heap   total 222208K, used 132240K [0x0000000080000000, 0x0000000100000000)
  region size 1024K, 8 young (8192K), 8 survivors (8192K)
 Metaspace       used 115197K, committed 116032K, reserved 1179648K
  class space    used 15341K, committed 15744K, reserved 1048576K
}

