# JRE version: OpenJDK Runtime Environment (17.0.10) (build 17.0.10+0--11572160)
# Java VM: OpenJDK 64-Bit Server VM (17.0.10+0--11572160, mixed mode, tiered, compressed oops, compressed class ptrs, g1 gc, windows-amd64)
GC Precious Log:
 CPUs: 16 total, 16 available
 Memory: 15553M
 Large Page Support: Disabled
 NUMA Support: Disabled
 Compressed Oops: Enabled (32-bit)
 Heap Region Size: 1M
 Heap Min Capacity: 8M
 Heap Initial Capacity: 244M
 Heap Max Capacity: 2G
 Pre-touch: Disabled
 Parallel Workers: 13
 Concurrent Workers: 3
 Concurrent Refinement Workers: 13
 Periodic GC: Disabled
Heap:
 garbage-first heap   total 232448K, used 176291K [0x0000000080000000, 0x0000000100000000)
  region size 1024K, 49 young (50176K), 5 survivors (5120K)
 Metaspace       used 109470K, committed 110336K, reserved 1179648K
  class space    used 14616K, committed 15040K, reserved 1048576K
GC Heap History (20 events):
Event: 2.949 GC heap before
{Heap before GC invocations=26 (full 0):
 garbage-first heap   total 225280K, used 84515K [0x0000000080000000, 0x0000000100000000)
  region size 1024K, 13 young (13312K), 12 survivors (12288K)
 Metaspace       used 63785K, committed 64448K, reserved 1114112K
  class space    used 8706K, committed 9024K, reserved 1048576K
}
Event: 2.951 GC heap after
{Heap after GC invocations=27 (full 0):
 garbage-first heap   total 225280K, used 83826K [0x0000000080000000, 0x0000000100000000)
  region size 1024K, 1 young (1024K), 1 survivors (1024K)
 Metaspace       used 63785K, committed 64448K, reserved 1114112K
  class space    used 8706K, committed 9024K, reserved 1048576K
}
Event: 3.307 GC heap before
{Heap before GC invocations=27 (full 0):
 garbage-first heap   total 225280K, used 179058K [0x0000000080000000, 0x0000000100000000)
  region size 1024K, 89 young (91136K), 1 survivors (1024K)
 Metaspace       used 72610K, committed 73216K, reserved 1114112K
  class space    used 9765K, committed 10048K, reserved 1048576K
}
Event: 3.309 GC heap after
{Heap after GC invocations=28 (full 0):
 garbage-first heap   total 225280K, used 89662K [0x0000000080000000, 0x0000000100000000)
  region size 1024K, 6 young (6144K), 6 survivors (6144K)
 Metaspace       used 72610K, committed 73216K, reserved 1114112K
  class space    used 9765K, committed 10048K, reserved 1048576K
}
Event: 3.602 GC heap before
{Heap before GC invocations=28 (full 0):
 garbage-first heap   total 225280K, used 177726K [0x0000000080000000, 0x0000000100000000)
  region size 1024K, 92 young (94208K), 6 survivors (6144K)
 Metaspace       used 76705K, committed 77440K, reserved 1179648K
  class space    used 10304K, committed 10624K, reserved 1048576K
}
Event: 3.605 GC heap after
{Heap after GC invocations=29 (full 0):
 garbage-first heap   total 225280K, used 94904K [0x0000000080000000, 0x0000000100000000)
  region size 1024K, 11 young (11264K), 11 survivors (11264K)
 Metaspace       used 76705K, committed 77440K, reserved 1179648K
  class space    used 10304K, committed 10624K, reserved 1048576K
}
Event: 3.958 GC heap before
{Heap before GC invocations=29 (full 0):
 garbage-first heap   total 225280K, used 180920K [0x0000000080000000, 0x0000000100000000)
  region size 1024K, 95 young (97280K), 11 survivors (11264K)
 Metaspace       used 82243K, committed 82880K, reserved 1179648K
  class space    used 11230K, committed 11520K, reserved 1048576K
}
Event: 3.961 GC heap after
{Heap after GC invocations=30 (full 0):
 garbage-first heap   total 225280K, used 98477K [0x0000000080000000, 0x0000000100000000)
  region size 1024K, 9 young (9216K), 9 survivors (9216K)
 Metaspace       used 82243K, committed 82880K, reserved 1179648K
  class space    used 11230K, committed 11520K, reserved 1048576K
}
Event: 4.332 GC heap before
{Heap before GC invocations=30 (full 0):
 garbage-first heap   total 225280K, used 187565K [0x0000000080000000, 0x0000000100000000)
  region size 1024K, 92 young (94208K), 9 survivors (9216K)
 Metaspace       used 89205K, committed 89984K, reserved 1179648K
  class space    used 12016K, committed 12352K, reserved 1048576K
}
Event: 4.336 GC heap after
{Heap after GC invocations=31 (full 0):
 garbage-first heap   total 225280K, used 104621K [0x0000000080000000, 0x0000000100000000)
  region size 1024K, 10 young (10240K), 10 survivors (10240K)
 Metaspace       used 89205K, committed 89984K, reserved 1179648K
  class space    used 12016K, committed 12352K, reserved 1048576K
}
Event: 4.683 GC heap before
{Heap before GC invocations=31 (full 0):
 garbage-first heap   total 225280K, used 194733K [0x0000000080000000, 0x0000000100000000)
  region size 1024K, 88 young (90112K), 10 survivors (10240K)
 Metaspace       used 95472K, committed 96256K, reserved 1179648K
  class space    used 12912K, committed 13312K, reserved 1048576K
}
Event: 4.687 GC heap after
{Heap after GC invocations=32 (full 0):
 garbage-first heap   total 225280K, used 125427K [0x0000000080000000, 0x0000000100000000)
  region size 1024K, 10 young (10240K), 10 survivors (10240K)
 Metaspace       used 95472K, committed 96256K, reserved 1179648K
  class space    used 12912K, committed 13312K, reserved 1048576K
}
Event: 4.707 GC heap before
{Heap before GC invocations=32 (full 0):
 garbage-first heap   total 225280K, used 130547K [0x0000000080000000, 0x0000000100000000)
  region size 1024K, 16 young (16384K), 10 survivors (10240K)
 Metaspace       used 96026K, committed 96768K, reserved 1179648K
  class space    used 12994K, committed 13376K, reserved 1048576K
}
Event: 4.709 GC heap after
{Heap after GC invocations=33 (full 0):
 garbage-first heap   total 225280K, used 127048K [0x0000000080000000, 0x0000000100000000)
  region size 1024K, 2 young (2048K), 2 survivors (2048K)
 Metaspace       used 96026K, committed 96768K, reserved 1179648K
  class space    used 12994K, committed 13376K, reserved 1048576K
}
Event: 5.008 GC heap before
{Heap before GC invocations=34 (full 0):
 garbage-first heap   total 225280K, used 189512K [0x0000000080000000, 0x0000000100000000)
  region size 1024K, 62 young (63488K), 2 survivors (2048K)
 Metaspace       used 103265K, committed 104128K, reserved 1179648K
  class space    used 13925K, committed 14336K, reserved 1048576K
}
Event: 5.009 GC heap after
{Heap after GC invocations=35 (full 0):
 garbage-first heap   total 225280K, used 128281K [0x0000000080000000, 0x0000000100000000)
  region size 1024K, 3 young (3072K), 3 survivors (3072K)
 Metaspace       used 103265K, committed 104128K, reserved 1179648K
  class space    used 13925K, committed 14336K, reserved 1048576K
}
Event: 5.058 GC heap before
{Heap before GC invocations=35 (full 0):
 garbage-first heap   total 225280K, used 136473K [0x0000000080000000, 0x0000000100000000)
  region size 1024K, 11 young (11264K), 3 survivors (3072K)
 Metaspace       used 104057K, committed 104896K, reserved 1179648K
  class space    used 14045K, committed 14464K, reserved 1048576K
}
Event: 5.060 GC heap after
{Heap after GC invocations=36 (full 0):
 garbage-first heap   total 225280K, used 128511K [0x0000000080000000, 0x0000000100000000)
  region size 1024K, 1 young (1024K), 1 survivors (1024K)
 Metaspace       used 104057K, committed 104896K, reserved 1179648K
  class space    used 14045K, committed 14464K, reserved 1048576K
}
Event: 5.276 GC heap before
{Heap before GC invocations=36 (full 0):
 garbage-first heap   total 225280K, used 189951K [0x0000000080000000, 0x0000000100000000)
  region size 1024K, 62 young (63488K), 1 survivors (1024K)
 Metaspace       used 106967K, committed 107776K, reserved 1179648K
  class space    used 14332K, committed 14720K, reserved 1048576K
}
Event: 5.278 GC heap after
{Heap after GC invocations=37 (full 0):
 garbage-first heap   total 225280K, used 132259K [0x0000000080000000, 0x0000000100000000)
  region size 1024K, 5 young (5120K), 5 survivors (5120K)
 Metaspace       used 106967K, committed 107776K, reserved 1179648K
  class space    used 14332K, committed 14720K, reserved 1048576K
}

